<?xml version="1.0" encoding="UTF-8"?>
<testng-results ignored="0" total="1" passed="1" failed="0" skipped="0">
  <reporter-output>
  </reporter-output>
  <suite started-at="2026-07-01T13:25:30 IST" name="Surefire suite" finished-at="2026-07-01T13:25:38 IST" duration-ms="8312">
    <groups>
    </groups>
    <test started-at="2026-07-01T13:25:30 IST" name="Surefire test" finished-at="2026-07-01T13:25:38 IST" duration-ms="8312">
      <class name="tests.SauceDemoLoginTest">
        <test-method is-config="true" signature="setUp()[pri:0, instance:tests.SauceDemoLoginTest@1f0f1111]" started-at="2026-07-01T13:25:30 IST" name="setUp" finished-at="2026-07-01T13:25:34 IST" duration-ms="4335" status="PASS">
          <reporter-output>
          </reporter-output>
        </test-method> <!-- setUp -->
        <test-method signature="sauceDemoLoginTest()[pri:0, instance:tests.SauceDemoLoginTest@1f0f1111]" started-at="2026-07-01T13:25:34 IST" name="sauceDemoLoginTest" finished-at="2026-07-01T13:25:38 IST" duration-ms="3821" status="PASS">
          <reporter-output>
          </reporter-output>
        </test-method> <!-- sauceDemoLoginTest -->
        <test-method is-config="true" signature="tearDown()[pri:0, instance:tests.SauceDemoLoginTest@1f0f1111]" started-at="2026-07-01T13:25:38 IST" name="tearDown" finished-at="2026-07-01T13:25:38 IST" duration-ms="108" status="PASS">
          <reporter-output>
          </reporter-output>
        </test-method> <!-- tearDown -->
      </class> <!-- tests.SauceDemoLoginTest -->
    </test> <!-- Surefire test -->
  </suite> <!-- Surefire suite -->
</testng-results>
