<?xml version="1.0" encoding="UTF-8"?>
<testng-results ignored="0" total="1" passed="1" failed="0" skipped="0">
  <reporter-output>
  </reporter-output>
  <suite started-at="2026-05-09T22:16:00 IST" name="Default suite" finished-at="2026-05-09T22:16:14 IST" duration-ms="13675">
    <groups>
    </groups>
    <test started-at="2026-05-09T22:16:00 IST" name="Default test" finished-at="2026-05-09T22:16:14 IST" duration-ms="13675">
      <class name="tests.SauceDemoLoginTest">
        <test-method is-config="true" signature="setUp()[pri:0, instance:tests.SauceDemoLoginTest@235834f2]" started-at="2026-05-09T22:16:01 IST" name="setUp" finished-at="2026-05-09T22:16:04 IST" duration-ms="3096" status="PASS">
          <reporter-output>
          </reporter-output>
        </test-method> <!-- setUp -->
        <test-method signature="sauceDemoLoginTest()[pri:0, instance:tests.SauceDemoLoginTest@235834f2]" started-at="2026-05-09T22:16:04 IST" name="sauceDemoLoginTest" finished-at="2026-05-09T22:16:13 IST" duration-ms="9834" status="PASS">
          <reporter-output>
          </reporter-output>
        </test-method> <!-- sauceDemoLoginTest -->
        <test-method is-config="true" signature="tearDown()[pri:0, instance:tests.SauceDemoLoginTest@235834f2]" started-at="2026-05-09T22:16:13 IST" name="tearDown" finished-at="2026-05-09T22:16:14 IST" duration-ms="648" status="PASS">
          <reporter-output>
          </reporter-output>
        </test-method> <!-- tearDown -->
      </class> <!-- tests.SauceDemoLoginTest -->
    </test> <!-- Default test -->
  </suite> <!-- Default suite -->
</testng-results>
